START-OF-LOG: 3.0
LOCATION: DX
CALLSIGN: YU4BPC
CLUB: YU1HQR
CONTEST: YUKTPS
CATEGORY-OPERATOR: SINGLE-OP
CATEGORY-ASSISTED: NON-ASSISTED
CATEGORY-BAND: 80M
CATEGORY-MODE: SSB
CATEGORY-POWER: LOW
CATEGORY-STATION: FIXED
CATEGORY-TRANSMITTER: ONE
CLAIMED-SCORE: 378
OPERATORS: YU4BPC
NAME: Bratislav Predic
ADDRESS: Cirila i Metodija 17/33
ADDRESS-CITY: Nis
ADDRESS-STATE-PROVINCE: 
ADDRESS-POSTALCODE: 18000
ADDRESS-COUNTRY: Serbia
GRID-LOCATOR: KN03WH
EMAIL: bpredic@gmail.com
CREATED-BY: N1MM Logger+ 1.0.11184.0
QSO:    3733 PH 2026-04-10 1730 YU4BPC        59   001  YU1P          59   002  TS  
QSO:    3736 PH 2026-04-10 1731 YU4BPC        59   002  YU1DG         59   013  NI  
QSO:    3723 PH 2026-04-10 1732 YU4BPC        59   003  YT5T          59   006  DE  
QSO:    3718 PH 2026-04-10 1732 YU4BPC        59   004  YT4X          59   008  SA  
QSO:    3702 PH 2026-04-10 1735 YU4BPC        59   005  YU5PMT        59   012  VA  
QSO:    3707 PH 2026-04-10 1736 YU4BPC        59   006  YT7CP         59   015  NS  
QSO:    3714 PH 2026-04-10 1738 YU4BPC        59   007  YU4RDX        59   004  SA  
QSO:    3720 PH 2026-04-10 1741 YU4BPC        59   008  YT5SA         59   007  SA  
QSO:    3737 PH 2026-04-10 1742 YU4BPC        59   009  YT3E          59   050  ZA  
QSO:    3746 PH 2026-04-10 1744 YU4BPC        59   010  YU0X          59   061  VS  
QSO:    3749 PH 2026-04-10 1744 YU4BPC        59   011  YT5R          59   057  ZA  
QSO:    3706 PH 2026-04-10 1745 YU4BPC        59   012  YU5PMT        59   019  VA  
QSO:    3710 PH 2026-04-10 1746 YU4BPC        59   013  YT8TR         59   027  SA  
QSO:    3714 PH 2026-04-10 1746 YU4BPC        59   014  YU5DR         59   052  VA  
QSO:    3727 PH 2026-04-10 1749 YU4BPC        59   015  YT2U          59   068  SO  
QSO:    3730 PH 2026-04-10 1750 YU4BPC        59   016  YT1FZ         59   069  KG  
QSO:    3738 PH 2026-04-10 1752 YU4BPC        59   017  YT7CP         59   035  NS  
QSO:    3722 PH 2026-04-10 1753 YU4BPC        59   018  YU4RDX        59   009  SA  
QSO:    3756 PH 2026-04-10 1756 YU4BPC        59   019  YU1KT         59   060  BG  
QSO:    3708 PH 2026-04-10 1757 YU4BPC        59   020  YU2ZZ         59   084  UE  
QSO:    3718 PH 2026-04-10 1759 YU4BPC        59   021  YT4X          59   052  SA  
END-OF-LOG:
